/*C2*/SET SCHEMA PUBLIC
DELETE FROM "mendixsystem$version" WHERE "versionnumber"='4.2'
INSERT INTO "mendixsystem$version" VALUES('4.2','2021-10-16 15:12:34.789000','4.1.0','unversioned','ecommerce-app','9.6.0.27784')
COMMIT
/*C3*/SET SCHEMA PUBLIC
DELETE FROM "mendixsystem$entityidentifier" WHERE "id"='d4154981-8dac-4150-aec5-efa3ef62a7a2'
INSERT INTO "mendixsystem$entityidentifier" VALUES('d4154981-8dac-4150-aec5-efa3ef62a7a2',4,901)
COMMIT
INSERT INTO "system$xasinstance" VALUES(1125899906843425,'532d5b65-db03-471d-a3f4-e75e0cfb661c','2021-10-17 06:49:18.990000',NULL,NULL,NULL,'2021-10-17 06:49:18.982000')
COMMIT
DELETE FROM "system$userrole" WHERE "id"=4222124650659841
INSERT INTO "system$userrole" VALUES(4222124650659841,'8dd52bfa-6d7e-453b-b506-303c0a3d9567','Administrator','')
DELETE FROM "system$userrole" WHERE "id"=4222124650659842
INSERT INTO "system$userrole" VALUES(4222124650659842,'53f5d6fa-6da9-4a71-b011-454ec052cce8','User','')
DELETE FROM "system$userrole" WHERE "id"=4222124650659941
INSERT INTO "system$userrole" VALUES(4222124650659941,'3936ea8a-154e-4303-beaa-2b81422553b6','Anonymous','')
COMMIT
/*C4*/SET SCHEMA PUBLIC
DELETE FROM "system$user" WHERE "id"=5066549580791809
INSERT INTO "system$user" VALUES(5066549580791809,'demo_administrator','{BCrypt}$2a$10$9bNRnhHsqk869X3rHUN0.evYX.tQpwiW.yUfr7Z4/XHEH9nbgu9ZG',NULL,FALSE,TRUE,0,FALSE,FALSE,'2021-10-16 12:13:53.173000','2021-10-16 12:13:53.173000','Administration.Account',NULL,5066549580791809)
COMMIT
/*C3*/DELETE FROM "system$user" WHERE "id"=5066549580791810
INSERT INTO "system$user" VALUES(5066549580791810,'demo_user','{BCrypt}$2a$10$ZkQ.IcQvVbdLLY.9h9O/fewN6NNcyxW1pSBxFkC14L1cYn59m6cYW',NULL,FALSE,TRUE,0,FALSE,FALSE,'2021-10-16 12:13:53.298000','2021-10-16 12:13:53.298000','Administration.Account',NULL,5066549580791810)
COMMIT
DELETE FROM "system$user" WHERE "id"=562949953421513
INSERT INTO "system$user" VALUES(562949953421513,'demo_anonymous_user','{BCrypt}$2a$10$6IgOMN0Z.2a2.ny7HzzgtuqbD0sGTNvhDnOpzuWJJRmCCsbIdvhMG',NULL,FALSE,TRUE,0,FALSE,FALSE,'2021-10-16 13:25:29.133000','2021-10-16 13:25:29.133000','System.User',NULL,562949953421513)
COMMIT
DELETE FROM "mendixsystem$properties" WHERE "key"='Mendix.Runtime.DeploymentID'
INSERT INTO "mendixsystem$properties" VALUES('Mendix.Runtime.DeploymentID','637700609470716165')
COMMIT
DELETE FROM "system$session" WHERE "id"=10414574138294873
DELETE FROM "system$session_user" WHERE "system$sessionid"=10414574138294873 AND "system$userid"=562949953422013
COMMIT
/*C6*/SET SCHEMA PUBLIC
DELETE FROM "system$user" WHERE "id"=562949953421413
INSERT INTO "system$user" VALUES(562949953421413,'MxAdmin','{BCrypt}$2a$10$la2bI7mR0RoCiOcpzlDYoemY0rjWgQ4rtcrLx8YffjxgO0mYBmC4e',NULL,FALSE,TRUE,0,FALSE,FALSE,'2021-10-16 12:13:53.710000','2021-10-16 12:13:53.710000','System.User',NULL,562949953421413)
COMMIT
DELETE FROM "system$xasinstance" WHERE "id"=1125899906843425
INSERT INTO "system$xasinstance" VALUES(1125899906843425,'532d5b65-db03-471d-a3f4-e75e0cfb661c','2021-10-17 06:49:20.695000',NULL,NULL,NULL,'2021-10-17 06:49:18.982000')
COMMIT
DELETE FROM "mendixsystem$entityidentifier" WHERE "id"='282e2e60-88a5-469d-84a5-ba8d9151644f'
INSERT INTO "mendixsystem$entityidentifier" VALUES('282e2e60-88a5-469d-84a5-ba8d9151644f',2,901)
COMMIT
INSERT INTO "system$user" VALUES(562949953422113,'Anonymous_f71f3c24-3fd8-4b29-930b-47c8bbfb190a','{BCrypt}$2a$10$cWjQO0.87S4Nquuy0dJi3eg5T4ljf2E4q3zReDBQ3cDyq7Cb4DL3m','2021-10-17 06:49:22.477000',FALSE,TRUE,0,FALSE,TRUE,'2021-10-17 06:49:22.407000','2021-10-17 06:49:22.407000','System.User',NULL,562949953422113)
INSERT INTO "system$userroles" VALUES(562949953422113,4222124650659941)
INSERT INTO "system$user_language" VALUES(562949953422113,11540474045136897)
COMMIT
DELETE FROM "system$user" WHERE "id"=562949953422113
INSERT INTO "system$user" VALUES(562949953422113,'Anonymous_f71f3c24-3fd8-4b29-930b-47c8bbfb190a','{BCrypt}$2a$10$cWjQO0.87S4Nquuy0dJi3eg5T4ljf2E4q3zReDBQ3cDyq7Cb4DL3m','2021-10-17 06:49:22.502000',FALSE,TRUE,0,FALSE,TRUE,'2021-10-17 06:49:22.407000','2021-10-17 06:49:22.407000','System.User',NULL,562949953422113)
COMMIT
/*C7*/SET SCHEMA PUBLIC
DELETE FROM "mendixsystem$entityidentifier" WHERE "id"='37f9fd49-5318-4c63-9a51-f761779b202f'
INSERT INTO "mendixsystem$entityidentifier" VALUES('37f9fd49-5318-4c63-9a51-f761779b202f',37,801)
COMMIT
INSERT INTO "system$session" VALUES(10414574138294973,'1dc95438-0dfd-403b-a30f-d434162ad969','e1dd27d8-95e2-47c6-8d81-926d0992676e','2021-10-17 06:49:22.537000',FALSE,'83b9e76f-e09e-4295-8d87-c84b459a9c81',NULL,'2021-10-17 06:49:22.536000')
INSERT INTO "system$session_user" VALUES(10414574138294973,562949953422113)
COMMIT
DELETE FROM "system$session" WHERE "id"=10414574138294973
INSERT INTO "system$session" VALUES(10414574138294973,'1dc95438-0dfd-403b-a30f-d434162ad969','e1dd27d8-95e2-47c6-8d81-926d0992676e','2021-10-17 06:49:22.548000',FALSE,'83b9e76f-e09e-4295-8d87-c84b459a9c81',NULL,'2021-10-17 06:49:22.536000')
COMMIT
/*C8*/SET SCHEMA PUBLIC
DELETE FROM "mendixsystem$entityidentifier" WHERE "id"='4dc03a57-a2c7-44c6-a6e8-74cd7fbf2975'
INSERT INTO "mendixsystem$entityidentifier" VALUES('4dc03a57-a2c7-44c6-a6e8-74cd7fbf2975',43,201)
COMMIT
/*C4*/DELETE FROM "system$session" WHERE "id"=10414574138294973
INSERT INTO "system$session" VALUES(10414574138294973,'1dc95438-0dfd-403b-a30f-d434162ad969','e1dd27d8-95e2-47c6-8d81-926d0992676e','2021-10-17 06:50:19.103000',FALSE,'83b9e76f-e09e-4295-8d87-c84b459a9c81',NULL,'2021-10-17 06:49:22.536000')
COMMIT
/*C3*/DELETE FROM "system$session" WHERE "id"=10414574138294973
INSERT INTO "system$session" VALUES(10414574138294973,'1dc95438-0dfd-403b-a30f-d434162ad969','e1dd27d8-95e2-47c6-8d81-926d0992676e','2021-10-17 06:50:48.776000',FALSE,'83b9e76f-e09e-4295-8d87-c84b459a9c81',NULL,'2021-10-17 06:49:22.536000')
COMMIT
/*C6*/DELETE FROM "system$session" WHERE "id"=10414574138294973
INSERT INTO "system$session" VALUES(10414574138294973,'1dc95438-0dfd-403b-a30f-d434162ad969','e1dd27d8-95e2-47c6-8d81-926d0992676e','2021-10-17 06:50:49.258000',FALSE,'83b9e76f-e09e-4295-8d87-c84b459a9c81',NULL,'2021-10-17 06:49:22.536000')
COMMIT
DELETE FROM "system$session" WHERE "id"=10414574138294973
INSERT INTO "system$session" VALUES(10414574138294973,'1dc95438-0dfd-403b-a30f-d434162ad969','e1dd27d8-95e2-47c6-8d81-926d0992676e','2021-10-17 06:51:50.532000',FALSE,'83b9e76f-e09e-4295-8d87-c84b459a9c81',NULL,'2021-10-17 06:49:22.536000')
COMMIT
/*C7*/DELETE FROM "system$session" WHERE "id"=10414574138294973
INSERT INTO "system$session" VALUES(10414574138294973,'1dc95438-0dfd-403b-a30f-d434162ad969','e1dd27d8-95e2-47c6-8d81-926d0992676e','2021-10-17 06:52:35.191000',FALSE,'83b9e76f-e09e-4295-8d87-c84b459a9c81',NULL,'2021-10-17 06:49:22.536000')
COMMIT
DELETE FROM "system$session" WHERE "id"=10414574138294973
INSERT INTO "system$session" VALUES(10414574138294973,'1dc95438-0dfd-403b-a30f-d434162ad969','e1dd27d8-95e2-47c6-8d81-926d0992676e','2021-10-17 06:52:35.648000',FALSE,'83b9e76f-e09e-4295-8d87-c84b459a9c81',NULL,'2021-10-17 06:49:22.536000')
COMMIT
/*C6*/DELETE FROM "system$session" WHERE "id"=10414574138294973
INSERT INTO "system$session" VALUES(10414574138294973,'1dc95438-0dfd-403b-a30f-d434162ad969','e1dd27d8-95e2-47c6-8d81-926d0992676e','2021-10-17 06:53:07.768000',FALSE,'83b9e76f-e09e-4295-8d87-c84b459a9c81',NULL,'2021-10-17 06:49:22.536000')
COMMIT
/*C9*/SET SCHEMA PUBLIC
DELETE FROM "system$session" WHERE "id"=10414574138294973
INSERT INTO "system$session" VALUES(10414574138294973,'1dc95438-0dfd-403b-a30f-d434162ad969','e1dd27d8-95e2-47c6-8d81-926d0992676e','2021-10-17 06:53:27.876000',FALSE,'83b9e76f-e09e-4295-8d87-c84b459a9c81',NULL,'2021-10-17 06:49:22.536000')
COMMIT
/*C5*/SET SCHEMA PUBLIC
DELETE FROM "system$session" WHERE "id"=10414574138294973
INSERT INTO "system$session" VALUES(10414574138294973,'1dc95438-0dfd-403b-a30f-d434162ad969','e1dd27d8-95e2-47c6-8d81-926d0992676e','2021-10-17 06:53:47.281000',FALSE,'83b9e76f-e09e-4295-8d87-c84b459a9c81',NULL,'2021-10-17 06:49:22.536000')
COMMIT
/*C8*/DELETE FROM "system$session" WHERE "id"=10414574138294973
INSERT INTO "system$session" VALUES(10414574138294973,'1dc95438-0dfd-403b-a30f-d434162ad969','e1dd27d8-95e2-47c6-8d81-926d0992676e','2021-10-17 06:53:47.714000',FALSE,'83b9e76f-e09e-4295-8d87-c84b459a9c81',NULL,'2021-10-17 06:49:22.536000')
COMMIT
/*C6*/DELETE FROM "system$xasinstance" WHERE "id"=1125899906843425
INSERT INTO "system$xasinstance" VALUES(1125899906843425,'532d5b65-db03-471d-a3f4-e75e0cfb661c','2021-10-17 06:54:20.740000',NULL,NULL,NULL,'2021-10-17 06:49:18.982000')
COMMIT
DELETE FROM "system$session" WHERE "id"=10414574138294973
INSERT INTO "system$session" VALUES(10414574138294973,'1dc95438-0dfd-403b-a30f-d434162ad969','e1dd27d8-95e2-47c6-8d81-926d0992676e','2021-10-17 06:58:48.262000',FALSE,'83b9e76f-e09e-4295-8d87-c84b459a9c81',NULL,'2021-10-17 06:49:22.536000')
COMMIT
/*C3*/DELETE FROM "system$xasinstance" WHERE "id"=1125899906843425
INSERT INTO "system$xasinstance" VALUES(1125899906843425,'532d5b65-db03-471d-a3f4-e75e0cfb661c','2021-10-17 06:59:20.757000',NULL,NULL,NULL,'2021-10-17 06:49:18.982000')
COMMIT
/*C7*/DELETE FROM "system$session" WHERE "id"=10414574138294973
INSERT INTO "system$session" VALUES(10414574138294973,'1dc95438-0dfd-403b-a30f-d434162ad969','e1dd27d8-95e2-47c6-8d81-926d0992676e','2021-10-17 07:03:48.276000',FALSE,'83b9e76f-e09e-4295-8d87-c84b459a9c81',NULL,'2021-10-17 06:49:22.536000')
COMMIT
/*C2*/DELETE FROM "system$xasinstance" WHERE "id"=1125899906843425
INSERT INTO "system$xasinstance" VALUES(1125899906843425,'532d5b65-db03-471d-a3f4-e75e0cfb661c','2021-10-17 07:04:20.771000',NULL,NULL,NULL,'2021-10-17 06:49:18.982000')
COMMIT
